Coreutils Development Log

> Alpha 0.1.2   (Nov 25, 2025)
        Added libfile for basic file opeation.
        To unify the naming, the name of libtim was changed to libtime, but the 
        specific functionality remains unchanged.

        doc update
                Add documentation for libfile.

        libfile (updated from _ to alpha 0.1.0)
                This is the first release of libfile. 
                All currently required functionality has been completed.


> Alpha 0.1.1   (Nov 25, 2025)
        Added libtim for time formatting and processing.

        doc update
                Add API reference documentation for libarg and libtim

        libtim (updated from _ to alpha 0.1.0)
               This is the first release of libtim. 
               All currently required functionality has been completed.

        libarg (updated from alpha 0.1.0 to 0.1.1)
                This is a stability update focusing on critical bug fixes 
                and memory safety. 
                The library is now considered truly ready for use.


> Alpha 0.1.0   (Nov 22, 2025)        
        This is the first update,
        which adds the libarg library and the alfred tool to coreutils.

        libarg (updated from _ to alpha 0.1.0)
                The main features are complete, but it is still a work in
                progress.

        alfred (updated from _ to alpha 0.1.0)
                The core function is complete, meanwhile,
                there are no currently visible bugs.
